<?xml version="1.0" encoding="UTF-8"?>
<!-- Generated by org.testng.reporters.JUnitXMLReporter -->
<testsuite ignored="0" hostname="INBAWN146088" failures="1" tests="1" name="Error validation Test" time="4.97" errors="0" timestamp="2023-08-29T16:35:55 IST">
  <testcase classname="webframework.SeleniumWebFrameWorkDesign.Test.ErrorValidations" name="ErrorValid" time="0.495">
    <failure type="java.lang.AssertionError" message="expected [Incorrect email or password.] but found [Incorrect email lr password.]">
      <![CDATA[java.lang.AssertionError: expected [Incorrect email or password.] but found [Incorrect email lr password.]
at webframework.SeleniumWebFrameWorkDesign.Test.ErrorValidations.ErrorValid(ErrorValidations.java:35)
at java.base/java.util.ArrayList.forEach(ArrayList.java:1511)
... Removed 33 stack frames]]>
    </failure>
  </testcase> <!-- ErrorValid -->
</testsuite> <!-- Error validation Test -->
