<!DOCTYPE html PUBLIC "-//W3C//DTD XHTML 1.1//EN" "https://www.w3.org/TR/xhtml11/DTD/xhtml11.dtd">
<html xmlns="https://www.w3.org/1999/xhtml">
<head>
<meta http-equiv="content-type" content="text/html; charset=UTF-8"/>
<title>TestNG Report</title>
<style type="text/css">table {margin-bottom:10px;border-collapse:collapse;empty-cells:show}th,td {border:1px solid #009;padding:.25em .5em}th {vertical-align:bottom}td {vertical-align:top}table a {font-weight:bold}.stripe td {background-color: #E6EBF9}.num {text-align:right}.passedodd td {background-color: #3F3}.passedeven td {background-color: #0A0}.skippedodd td {background-color: #DDD}.skippedeven td {background-color: #CCC}.failedodd td,.attn {background-color: #F33}.failedeven td,.stripe .attn {background-color: #D00}.stacktrace {white-space:pre;font-family:monospace}.totop {font-size:85%;text-align:center;border-bottom:2px solid #000}.invisible {display:none}</style>
</head>
<body>
<table>
<tr><th>Test</th><th># Passed</th><th># Skipped</th><th># Retried</th><th># Failed</th><th>Time (ms)</th><th>Included Groups</th><th>Excluded Groups</th></tr>
<tr><th colspan="8">Suite</th></tr>
<tr><td><a href="#t0">Error validation Test</a></td><td class="num">0</td><td class="num">0</td><td class="num attn">1</td><td class="num attn">1</td><td class="num">13,156</td><td></td><td></td></tr>
<tr class="stripe"><td><a href="#t1">Cumulative Tests</a></td><td class="num">2</td><td class="num">0</td><td class="num">0</td><td class="num">0</td><td class="num">29,818</td><td></td><td></td></tr>
<tr><td><a href="#t2">Order submmitioin Test</a></td><td class="num">2</td><td class="num">0</td><td class="num">0</td><td class="num">0</td><td class="num">15,163</td><td></td><td></td></tr>
<tr><th>Total</th><th class="num">4</th><th class="num">0</th><th class="num attn">1</th><th class="num attn">1</th><th class="num">58,137</th><th colspan="2"></th></tr>
</table>
<table id='summary'><thead><tr><th>Class</th><th>Method</th><th>Start</th><th>Time (ms)</th></tr></thead><tbody><tr><th colspan="4">Suite</th></tr></tbody><tbody id="t0"><tr><th colspan="4">Error validation Test &#8212; failed</th></tr><tr class="failedeven"><td rowspan="1">webframework.SeleniumWebFrameWorkDesign.Test.ErrorValidations</td><td><a href="#m0">ErrorValid</a></td><td rowspan="1">1693374152564</td><td rowspan="1">1042</td></tr><tr><th colspan="4">Error validation Test &#8212; retried</th></tr><tr class="retriedeven"><td rowspan="1">webframework.SeleniumWebFrameWorkDesign.Test.ErrorValidations</td><td><a href="#m1">ErrorValid</a></td><td rowspan="1">1693374148857</td><td rowspan="1">560</td></tr></tbody>
<tbody id="t1"><tr><th colspan="4">Cumulative Tests &#8212; passed</th></tr><tr class="passedeven"><td rowspan="2">webframework.SeleniumWebFrameWorkDesign.Test.LoginPageTest</td><td><a href="#m2">ErrorValid</a></td><td rowspan="1">1693374183140</td><td rowspan="1">396</td></tr><tr class="passedeven"><td><a href="#m3">submitOrder</a></td><td rowspan="1">1693374161893</td><td rowspan="1">14850</td></tr></tbody>
<tbody id="t2"><tr><th colspan="4">Order submmitioin Test &#8212; passed</th></tr><tr class="passedeven"><td rowspan="2">webframework.SeleniumWebFrameWorkDesign.Test.FullflowTest</td><td><a href="#m4">OrderHistoryTest</a></td><td rowspan="1">1693374198718</td><td rowspan="1">1</td></tr><tr class="passedeven"><td><a href="#m5">submitOrder</a></td><td rowspan="1">1693374190796</td><td rowspan="1">3386</td></tr></tbody>
</table>
<h2>Error validation Test</h2><h3 id="m0">webframework.SeleniumWebFrameWorkDesign.Test.ErrorValidations#ErrorValid</h3><table class="result"><tr><th>Exception</th></tr><tr><td><div class="stacktrace">java.lang.AssertionError: expected [Incorrect email or password.] but found [Incorrect email lr password.]
	at webframework.SeleniumWebFrameWorkDesign.Test.ErrorValidations.ErrorValid(ErrorValidations.java:33)
	at java.base/java.util.ArrayList.forEach(ArrayList.java:1541)
... Removed 37 stack frames</div></td></tr></table><p class="totop"><a href="#summary">back to summary</a></p>
<h3 id="m1">webframework.SeleniumWebFrameWorkDesign.Test.ErrorValidations#ErrorValid</h3><table class="result"><tr><th>Exception</th></tr><tr><td><div class="stacktrace">java.lang.AssertionError: expected [Incorrect email or password.] but found [Incorrect email lr password.]
	at webframework.SeleniumWebFrameWorkDesign.Test.ErrorValidations.ErrorValid(ErrorValidations.java:33)
	at java.base/java.util.ArrayList.forEach(ArrayList.java:1541)
... Removed 37 stack frames</div></td></tr></table><p class="totop"><a href="#summary">back to summary</a></p>
<h2>Cumulative Tests</h2><h3 id="m2">webframework.SeleniumWebFrameWorkDesign.Test.LoginPageTest#ErrorValid</h3><table class="result"><tr><th class="invisible"/></tr></table><p class="totop"><a href="#summary">back to summary</a></p>
<h3 id="m3">webframework.SeleniumWebFrameWorkDesign.Test.LoginPageTest#submitOrder</h3><table class="result"><tr class="param"><th>Parameter #1</th></tr><tr class="param stripe"><td>{paswrd=S@chin200, email=saistudent080796@gmail.com}</td></tr></table><p class="totop"><a href="#summary">back to summary</a></p>
<h2>Order submmitioin Test</h2><h3 id="m4">webframework.SeleniumWebFrameWorkDesign.Test.FullflowTest#OrderHistoryTest</h3><table class="result"><tr><th class="invisible"/></tr></table><p class="totop"><a href="#summary">back to summary</a></p>
<h3 id="m5">webframework.SeleniumWebFrameWorkDesign.Test.FullflowTest#submitOrder</h3><table class="result"><tr><th class="invisible"/></tr></table><p class="totop"><a href="#summary">back to summary</a></p>
</body>
</html>
